RUN	com.gatling.test.api.PostPutDeleteAPIDemo	postputdeleteapidemo	1675756516551	 	3.6.1
USER	Update User	START	1675756518121
USER	Create User	START	1675756518120
USER	Delete User	START	1675756518122
USER	Delete User	START	1675756518617
USER	Create User	START	1675756518617
USER	Update User	START	1675756518618
REQUEST		delete user req	1675756518618	1675756519031	OK	 
REQUEST		Create user req	1675756518174	1675756518978	OK	 
USER	Create User	END	1675756519046
REQUEST		Update user req	1675756518184	1675756519097	OK	 
REQUEST		Create user req	1675756518618	1675756519103	OK	 
USER	Create User	END	1675756519104
USER	Update User	START	1675756519118
USER	Create User	START	1675756519118
USER	Delete User	START	1675756519133
REQUEST		delete user req	1675756519134	1675756519520	OK	 
REQUEST		Create user req	1675756519118	1675756519531	OK	 
USER	Create User	END	1675756519532
REQUEST		Update user req	1675756519118	1675756519536	OK	 
USER	Update User	START	1675756519616
USER	Create User	START	1675756519616
REQUEST		delete user req	1675756518181	1675756520017	OK	 
REQUEST		Create user req	1675756519616	1675756520102	OK	 
USER	Create User	END	1675756520104
USER	Create User	START	1675756520116
USER	Update User	START	1675756520116
REQUEST		Update user req	1675756518619	1675756520137	OK	 
USER	Create User	START	1675756520614
REQUEST		Create user req	1675756520117	1675756520658	OK	 
USER	Create User	END	1675756520661
USER	Delete User	END	1675756521055
REQUEST		Create user req	1675756520614	1675756521070	OK	 
USER	Create User	END	1675756521071
USER	Update User	END	1675756521101
USER	Create User	START	1675756521117
REQUEST		Update user req	1675756519616	1675756521363	OK	 
REQUEST		Create user req	1675756521118	1675756521521	OK	 
USER	Create User	END	1675756521522
USER	Delete User	END	1675756521533
USER	Update User	END	1675756521548
USER	Create User	START	1675756521610
REQUEST		Create user req	1675756521612	1675756522015	OK	 
USER	Create User	END	1675756522016
USER	Delete User	END	1675756522030
USER	Create User	START	1675756522106
USER	Update User	END	1675756522154
REQUEST		Create user req	1675756522107	1675756522554	OK	 
USER	Create User	END	1675756522555
USER	Create User	START	1675756522609
REQUEST		Create user req	1675756522610	1675756523036	OK	 
USER	Create User	END	1675756523037
USER	Update User	END	1675756523374
REQUEST		Update user req	1675756520117	1675756523931	OK	 
USER	Update User	END	1675756525946
