RUN	com.gatling.test.api.PostPutDeleteAPIDemo	postputdeleteapidemo	1675756250480	 	3.6.1
USER	Create User	START	1675756252378
USER	Delete User	START	1675756252386
USER	Update User	START	1675756252389
REQUEST		Create user req	1675756252465	1675756253262	OK	 
REQUEST		Update user req	1675756252464	1675756253262	OK	 
USER	Create User	END	1675756253341
USER	Delete User	START	1675756253362
USER	Update User	START	1675756253362
USER	Create User	START	1675756253376
REQUEST		delete user req	1675756252462	1675756253390	OK	 
REQUEST		Create user req	1675756253377	1675756253756	OK	 
USER	Create User	END	1675756253757
REQUEST		Update user req	1675756253362	1675756253819	OK	 
REQUEST		delete user req	1675756253362	1675756253847	OK	 
USER	Delete User	START	1675756254373
USER	Create User	START	1675756254373
USER	Update User	START	1675756254373
REQUEST		Create user req	1675756254374	1675756254789	OK	 
USER	Create User	END	1675756254790
REQUEST		delete user req	1675756254373	1675756255261	OK	 
USER	Update User	END	1675756255342
USER	Update User	START	1675756255372
USER	Create User	START	1675756255372
USER	Delete User	START	1675756255372
USER	Delete User	END	1675756255403
REQUEST		Update user req	1675756255372	1675756255772	OK	 
REQUEST		Create user req	1675756255372	1675756255778	OK	 
USER	Create User	END	1675756255784
REQUEST		delete user req	1675756255372	1675756255794	OK	 
USER	Update User	END	1675756255825
USER	Delete User	END	1675756255855
REQUEST		Update user req	1675756254374	1675756255902	OK	 
USER	Create User	START	1675756256372
USER	Delete User	START	1675756256372
USER	Update User	START	1675756256372
REQUEST		delete user req	1675756256372	1675756256775	OK	 
REQUEST		Update user req	1675756256372	1675756256809	OK	 
REQUEST		Create user req	1675756256372	1675756256819	OK	 
USER	Create User	END	1675756256820
USER	Delete User	END	1675756257277
USER	Update User	END	1675756257789
USER	Delete User	END	1675756257804
USER	Update User	END	1675756257912
USER	Delete User	END	1675756258778
USER	Update User	END	1675756258826
