RUN	com.gatling.test.api.PostPutDeleteAPIDemo	postputdeleteapidemo	1676093720220	run7	3.6.1
USER	Create User	START	1676093722043
USER	Update User	START	1676093722055
USER	Delete User	START	1676093722061
USER	Create User	START	1676093722530
USER	Delete User	START	1676093722531
USER	Update User	START	1676093722528
REQUEST		delete user req	1676093722099	1676093722953	OK	 
REQUEST		delete user req	1676093722531	1676093722986	OK	 
REQUEST		Create user req	1676093722099	1676093722959	OK	 
REQUEST		Update user req	1676093722099	1676093722917	OK	 
REQUEST		Create user req	1676093722531	1676093722994	OK	 
USER	Create User	END	1676093722995
USER	Create User	END	1676093722995
REQUEST		Update user req	1676093722529	1676093723002	OK	 
USER	Update User	START	1676093723029
USER	Create User	START	1676093723029
USER	Delete User	START	1676093723029
REQUEST		Create user req	1676093723030	1676093723411	OK	 
USER	Create User	END	1676093723412
REQUEST		delete user req	1676093723030	1676093723475	OK	 
REQUEST		Update user req	1676093723030	1676093723477	OK	 
USER	Update User	START	1676093723520
USER	Create User	START	1676093723520
REQUEST		Update user req	1676093723521	1676093723943	OK	 
REQUEST		Create user req	1676093723521	1676093724027	OK	 
USER	Create User	END	1676093724029
USER	Update User	START	1676093724033
USER	Create User	START	1676093724033
REQUEST		Create user req	1676093724034	1676093724450	OK	 
USER	Create User	END	1676093724451
REQUEST		Update user req	1676093724034	1676093724469	OK	 
USER	Create User	START	1676093724515
REQUEST		Create user req	1676093724515	1676093724957	OK	 
USER	Create User	END	1676093724959
USER	Delete User	END	1676093724983
USER	Delete User	END	1676093724998
USER	Update User	END	1676093724999
USER	Update User	END	1676093725014
USER	Create User	START	1676093725015
REQUEST		Create user req	1676093725016	1676093725429	OK	 
USER	Create User	END	1676093725431
USER	Delete User	END	1676093725484
USER	Update User	END	1676093725484
USER	Create User	START	1676093725515
REQUEST		Create user req	1676093725515	1676093725879	OK	 
USER	Create User	END	1676093725881
USER	Update User	END	1676093725952
USER	Create User	START	1676093726014
REQUEST		Create user req	1676093726015	1676093726443	OK	 
USER	Create User	END	1676093726444
USER	Update User	END	1676093726483
USER	Create User	START	1676093726514
REQUEST		Create user req	1676093726515	1676093726936	OK	 
USER	Create User	END	1676093726941
